
*** Running vivado
    with args -log ad4134fw_ad4134_to_bram_0_0.vds -m64 -product Vivado -mode batch -messageDb vivado.pb -notrace -source ad4134fw_ad4134_to_bram_0_0.tcl



****** Vivado v2024.2 (64-bit)
  **** SW Build 5239630 on Fri Nov 08 22:35:27 MST 2024
  **** IP Build 5239520 on Sun Nov 10 16:12:51 MST 2024
  **** SharedData Build 5239561 on Fri Nov 08 14:39:27 MST 2024
  **** Start of session at: Sun Nov 16 21:34:26 2025
    ** Copyright 1986-2022 Xilinx, Inc. All Rights Reserved.
    ** Copyright 2022-2024 Advanced Micro Devices, Inc. All Rights Reserved.

source ad4134fw_ad4134_to_bram_0_0.tcl -notrace
create_project: Time (s): cpu = 00:00:02 ; elapsed = 00:00:05 . Memory (MB): peak = 365.301 ; gain = 65.477
INFO: [IP_Flow 19-234] Refreshing IP repositories
INFO: [IP_Flow 19-1704] No user IP repositories specified
INFO: [IP_Flow 19-2313] Loaded Vivado IP repository 'E:/Xilinx/Vivado/2024.2/data/ip'.
Command: synth_design -top ad4134fw_ad4134_to_bram_0_0 -part xck26-sfvc784-2LV-c -incremental_mode off -mode out_of_context
Starting synth_design
Attempting to get a license for feature 'Synthesis' and/or device 'xck26'
INFO: [Common 17-349] Got license for feature 'Synthesis' and/or device 'xck26'
INFO: [Device 21-403] Loading part xck26-sfvc784-2LV-c
INFO: [Synth 8-7079] Multithreading enabled for synth_design using a maximum of 2 processes.
INFO: [Synth 8-7078] Launching helper process for spawning children vivado processes
INFO: [Synth 8-7075] Helper process launched with PID 9892
---------------------------------------------------------------------------------
Starting RTL Elaboration : Time (s): cpu = 00:00:07 ; elapsed = 00:00:16 . Memory (MB): peak = 1598.062 ; gain = 178.832
---------------------------------------------------------------------------------
INFO: [Synth 8-638] synthesizing module 'ad4134fw_ad4134_to_bram_0_0' [c:/work/AD4134/vivado/ad4134fw.gen/sources_1/bd/ad4134fw/ip/ad4134fw_ad4134_to_bram_0_0/synth/ad4134fw_ad4134_to_bram_0_0.vhd:74]
	Parameter DATA_WIDTH bound to: 24 - type: integer 
INFO: [Synth 8-3491] module 'ad4134_to_bram' declared at 'C:/work/AD4134/src/ad4134_to_bram.vhd:5' bound to instance 'U0' of component 'ad4134_to_bram' [c:/work/AD4134/vivado/ad4134fw.gen/sources_1/bd/ad4134fw/ip/ad4134fw_ad4134_to_bram_0_0/synth/ad4134fw_ad4134_to_bram_0_0.vhd:115]
INFO: [Synth 8-638] synthesizing module 'ad4134_to_bram' [C:/work/AD4134/src/ad4134_to_bram.vhd:31]
INFO: [Synth 8-256] done synthesizing module 'ad4134_to_bram' (0#1) [C:/work/AD4134/src/ad4134_to_bram.vhd:31]
INFO: [Synth 8-256] done synthesizing module 'ad4134fw_ad4134_to_bram_0_0' (0#1) [c:/work/AD4134/vivado/ad4134fw.gen/sources_1/bd/ad4134fw/ip/ad4134fw_ad4134_to_bram_0_0/synth/ad4134fw_ad4134_to_bram_0_0.vhd:74]
WARNING: [Synth 8-3848] Net done in module/entity ad4134_to_bram does not have driver. [C:/work/AD4134/src/ad4134_to_bram.vhd:23]
WARNING: [Synth 8-7129] Port done in module ad4134_to_bram is either unconnected or has no load
WARNING: [Synth 8-7129] Port data_in1[23] in module ad4134_to_bram is either unconnected or has no load
WARNING: [Synth 8-7129] Port data_in1[22] in module ad4134_to_bram is either unconnected or has no load
WARNING: [Synth 8-7129] Port data_in1[21] in module ad4134_to_bram is either unconnected or has no load
WARNING: [Synth 8-7129] Port data_in1[20] in module ad4134_to_bram is either unconnected or has no load
WARNING: [Synth 8-7129] Port data_in1[19] in module ad4134_to_bram is either unconnected or has no load
WARNING: [Synth 8-7129] Port data_in1[18] in module ad4134_to_bram is either unconnected or has no load
WARNING: [Synth 8-7129] Port data_in1[17] in module ad4134_to_bram is either unconnected or has no load
WARNING: [Synth 8-7129] Port data_in1[16] in module ad4134_to_bram is either unconnected or has no load
WARNING: [Synth 8-7129] Port data_in1[15] in module ad4134_to_bram is either unconnected or has no load
WARNING: [Synth 8-7129] Port data_in1[14] in module ad4134_to_bram is either unconnected or has no load
WARNING: [Synth 8-7129] Port data_in1[13] in module ad4134_to_bram is either unconnected or has no load
WARNING: [Synth 8-7129] Port data_in1[12] in module ad4134_to_bram is either unconnected or has no load
WARNING: [Synth 8-7129] Port data_in1[11] in module ad4134_to_bram is either unconnected or has no load
WARNING: [Synth 8-7129] Port data_in1[10] in module ad4134_to_bram is either unconnected or has no load
WARNING: [Synth 8-7129] Port data_in1[9] in module ad4134_to_bram is either unconnected or has no load
WARNING: [Synth 8-7129] Port data_in1[8] in module ad4134_to_bram is either unconnected or has no load
WARNING: [Synth 8-7129] Port data_in1[7] in module ad4134_to_bram is either unconnected or has no load
WARNING: [Synth 8-7129] Port data_in1[6] in module ad4134_to_bram is either unconnected or has no load
WARNING: [Synth 8-7129] Port data_in1[5] in module ad4134_to_bram is either unconnected or has no load
WARNING: [Synth 8-7129] Port data_in1[4] in module ad4134_to_bram is either unconnected or has no load
WARNING: [Synth 8-7129] Port data_in1[3] in module ad4134_to_bram is either unconnected or has no load
WARNING: [Synth 8-7129] Port data_in1[2] in module ad4134_to_bram is either unconnected or has no load
WARNING: [Synth 8-7129] Port data_in1[1] in module ad4134_to_bram is either unconnected or has no load
WARNING: [Synth 8-7129] Port data_in1[0] in module ad4134_to_bram is either unconnected or has no load
WARNING: [Synth 8-7129] Port data_in2[23] in module ad4134_to_bram is either unconnected or has no load
WARNING: [Synth 8-7129] Port data_in2[22] in module ad4134_to_bram is either unconnected or has no load
WARNING: [Synth 8-7129] Port data_in2[21] in module ad4134_to_bram is either unconnected or has no load
WARNING: [Synth 8-7129] Port data_in2[20] in module ad4134_to_bram is either unconnected or has no load
WARNING: [Synth 8-7129] Port data_in2[19] in module ad4134_to_bram is either unconnected or has no load
WARNING: [Synth 8-7129] Port data_in2[18] in module ad4134_to_bram is either unconnected or has no load
WARNING: [Synth 8-7129] Port data_in2[17] in module ad4134_to_bram is either unconnected or has no load
WARNING: [Synth 8-7129] Port data_in2[16] in module ad4134_to_bram is either unconnected or has no load
WARNING: [Synth 8-7129] Port data_in2[15] in module ad4134_to_bram is either unconnected or has no load
WARNING: [Synth 8-7129] Port data_in2[14] in module ad4134_to_bram is either unconnected or has no load
WARNING: [Synth 8-7129] Port data_in2[13] in module ad4134_to_bram is either unconnected or has no load
WARNING: [Synth 8-7129] Port data_in2[12] in module ad4134_to_bram is either unconnected or has no load
WARNING: [Synth 8-7129] Port data_in2[11] in module ad4134_to_bram is either unconnected or has no load
WARNING: [Synth 8-7129] Port data_in2[10] in module ad4134_to_bram is either unconnected or has no load
WARNING: [Synth 8-7129] Port data_in2[9] in module ad4134_to_bram is either unconnected or has no load
WARNING: [Synth 8-7129] Port data_in2[8] in module ad4134_to_bram is either unconnected or has no load
WARNING: [Synth 8-7129] Port data_in2[7] in module ad4134_to_bram is either unconnected or has no load
WARNING: [Synth 8-7129] Port data_in2[6] in module ad4134_to_bram is either unconnected or has no load
WARNING: [Synth 8-7129] Port data_in2[5] in module ad4134_to_bram is either unconnected or has no load
WARNING: [Synth 8-7129] Port data_in2[4] in module ad4134_to_bram is either unconnected or has no load
WARNING: [Synth 8-7129] Port data_in2[3] in module ad4134_to_bram is either unconnected or has no load
WARNING: [Synth 8-7129] Port data_in2[2] in module ad4134_to_bram is either unconnected or has no load
WARNING: [Synth 8-7129] Port data_in2[1] in module ad4134_to_bram is either unconnected or has no load
WARNING: [Synth 8-7129] Port data_in2[0] in module ad4134_to_bram is either unconnected or has no load
WARNING: [Synth 8-7129] Port data_in3[23] in module ad4134_to_bram is either unconnected or has no load
WARNING: [Synth 8-7129] Port data_in3[22] in module ad4134_to_bram is either unconnected or has no load
WARNING: [Synth 8-7129] Port data_in3[21] in module ad4134_to_bram is either unconnected or has no load
WARNING: [Synth 8-7129] Port data_in3[20] in module ad4134_to_bram is either unconnected or has no load
WARNING: [Synth 8-7129] Port data_in3[19] in module ad4134_to_bram is either unconnected or has no load
WARNING: [Synth 8-7129] Port data_in3[18] in module ad4134_to_bram is either unconnected or has no load
WARNING: [Synth 8-7129] Port data_in3[17] in module ad4134_to_bram is either unconnected or has no load
WARNING: [Synth 8-7129] Port data_in3[16] in module ad4134_to_bram is either unconnected or has no load
WARNING: [Synth 8-7129] Port data_in3[15] in module ad4134_to_bram is either unconnected or has no load
WARNING: [Synth 8-7129] Port data_in3[14] in module ad4134_to_bram is either unconnected or has no load
WARNING: [Synth 8-7129] Port data_in3[13] in module ad4134_to_bram is either unconnected or has no load
WARNING: [Synth 8-7129] Port data_in3[12] in module ad4134_to_bram is either unconnected or has no load
WARNING: [Synth 8-7129] Port data_in3[11] in module ad4134_to_bram is either unconnected or has no load
WARNING: [Synth 8-7129] Port data_in3[10] in module ad4134_to_bram is either unconnected or has no load
WARNING: [Synth 8-7129] Port data_in3[9] in module ad4134_to_bram is either unconnected or has no load
WARNING: [Synth 8-7129] Port data_in3[8] in module ad4134_to_bram is either unconnected or has no load
WARNING: [Synth 8-7129] Port data_in3[7] in module ad4134_to_bram is either unconnected or has no load
WARNING: [Synth 8-7129] Port data_in3[6] in module ad4134_to_bram is either unconnected or has no load
WARNING: [Synth 8-7129] Port data_in3[5] in module ad4134_to_bram is either unconnected or has no load
WARNING: [Synth 8-7129] Port data_in3[4] in module ad4134_to_bram is either unconnected or has no load
WARNING: [Synth 8-7129] Port data_in3[3] in module ad4134_to_bram is either unconnected or has no load
WARNING: [Synth 8-7129] Port data_in3[2] in module ad4134_to_bram is either unconnected or has no load
WARNING: [Synth 8-7129] Port data_in3[1] in module ad4134_to_bram is either unconnected or has no load
WARNING: [Synth 8-7129] Port data_in3[0] in module ad4134_to_bram is either unconnected or has no load
---------------------------------------------------------------------------------
Finished RTL Elaboration : Time (s): cpu = 00:00:09 ; elapsed = 00:00:28 . Memory (MB): peak = 1706.289 ; gain = 287.059
---------------------------------------------------------------------------------
---------------------------------------------------------------------------------
Start Handling Custom Attributes
---------------------------------------------------------------------------------
---------------------------------------------------------------------------------
Finished Handling Custom Attributes : Time (s): cpu = 00:00:09 ; elapsed = 00:00:28 . Memory (MB): peak = 1706.289 ; gain = 287.059
---------------------------------------------------------------------------------
---------------------------------------------------------------------------------
Finished RTL Optimization Phase 1 : Time (s): cpu = 00:00:09 ; elapsed = 00:00:28 . Memory (MB): peak = 1706.289 ; gain = 287.059
---------------------------------------------------------------------------------
Netlist sorting complete. Time (s): cpu = 00:00:00 ; elapsed = 00:00:00.047 . Memory (MB): peak = 1706.289 ; gain = 0.000
INFO: [Project 1-570] Preparing netlist for logic optimization

Processing XDC Constraints
Initializing timing engine
Completed Processing XDC Constraints

Netlist sorting complete. Time (s): cpu = 00:00:00 ; elapsed = 00:00:00 . Memory (MB): peak = 1793.496 ; gain = 0.000
INFO: [Project 1-111] Unisim Transformation Summary:
No Unisim elements were transformed.

Constraint Validation Runtime : Time (s): cpu = 00:00:00 ; elapsed = 00:00:00.771 . Memory (MB): peak = 1811.355 ; gain = 17.859
INFO: [Designutils 20-5008] Incremental synthesis strategy off
---------------------------------------------------------------------------------
Finished Constraint Validation : Time (s): cpu = 00:00:23 ; elapsed = 00:00:50 . Memory (MB): peak = 1811.355 ; gain = 392.125
---------------------------------------------------------------------------------
---------------------------------------------------------------------------------
Start Loading Part and Timing Information
---------------------------------------------------------------------------------
Loading part: xck26-sfvc784-2LV-c
INFO: [Synth 8-6742] Reading net delay rules and data
---------------------------------------------------------------------------------
Finished Loading Part and Timing Information : Time (s): cpu = 00:00:23 ; elapsed = 00:00:50 . Memory (MB): peak = 1811.355 ; gain = 392.125
---------------------------------------------------------------------------------
---------------------------------------------------------------------------------
Start Applying 'set_property' XDC Constraints
---------------------------------------------------------------------------------
---------------------------------------------------------------------------------
Finished applying 'set_property' XDC Constraints : Time (s): cpu = 00:00:23 ; elapsed = 00:00:50 . Memory (MB): peak = 1811.355 ; gain = 392.125
---------------------------------------------------------------------------------
INFO: [Synth 8-802] inferred FSM for state register 'state_reg' in module 'ad4134_to_bram'
---------------------------------------------------------------------------------------------------
                   State |                     New Encoding |                Previous Encoding 
---------------------------------------------------------------------------------------------------
                  idle_s |                              001 |                               00
                 write_s |                              010 |                               01
              finished_s |                              100 |                               10
---------------------------------------------------------------------------------------------------
INFO: [Synth 8-3354] encoded FSM with state register 'state_reg' using encoding 'one-hot' in module 'ad4134_to_bram'
---------------------------------------------------------------------------------
Finished RTL Optimization Phase 2 : Time (s): cpu = 00:00:23 ; elapsed = 00:00:50 . Memory (MB): peak = 1811.355 ; gain = 392.125
---------------------------------------------------------------------------------
---------------------------------------------------------------------------------
Start RTL Component Statistics 
---------------------------------------------------------------------------------
Detailed RTL Component Info : 
+---Adders : 
	   2 Input   13 Bit       Adders := 1     
+---Registers : 
	               24 Bit    Registers := 1     
	               15 Bit    Registers := 3     
	                4 Bit    Registers := 1     
	                1 Bit    Registers := 3     
+---Muxes : 
	   3 Input    3 Bit        Muxes := 2     
	   2 Input    3 Bit        Muxes := 1     
	   3 Input    1 Bit        Muxes := 3     
---------------------------------------------------------------------------------
Finished RTL Component Statistics 
---------------------------------------------------------------------------------
---------------------------------------------------------------------------------
Start Part Resource Summary
---------------------------------------------------------------------------------
Part Resources:
DSPs: 1248 (col length:96)
BRAMs: 288 (col length: RAMB18 96 RAMB36 48)
---------------------------------------------------------------------------------
Finished Part Resource Summary
---------------------------------------------------------------------------------
---------------------------------------------------------------------------------
Start Cross Boundary and Area Optimization
---------------------------------------------------------------------------------
WARNING: [Synth 8-7080] Parallel synthesis criteria is not met
INFO: [Synth 8-3917] design ad4134fw_ad4134_to_bram_0_0 has port dia[31] driven by constant 0
INFO: [Synth 8-3917] design ad4134fw_ad4134_to_bram_0_0 has port dia[30] driven by constant 0
INFO: [Synth 8-3917] design ad4134fw_ad4134_to_bram_0_0 has port dia[29] driven by constant 0
INFO: [Synth 8-3917] design ad4134fw_ad4134_to_bram_0_0 has port dia[28] driven by constant 0
INFO: [Synth 8-3917] design ad4134fw_ad4134_to_bram_0_0 has port dia[27] driven by constant 0
INFO: [Synth 8-3917] design ad4134fw_ad4134_to_bram_0_0 has port dia[26] driven by constant 0
INFO: [Synth 8-3917] design ad4134fw_ad4134_to_bram_0_0 has port dia[25] driven by constant 0
INFO: [Synth 8-3917] design ad4134fw_ad4134_to_bram_0_0 has port dia[24] driven by constant 0
WARNING: [Synth 8-7129] Port done in module ad4134fw_ad4134_to_bram_0_0 is either unconnected or has no load
WARNING: [Synth 8-7129] Port data_in1[23] in module ad4134fw_ad4134_to_bram_0_0 is either unconnected or has no load
WARNING: [Synth 8-7129] Port data_in1[22] in module ad4134fw_ad4134_to_bram_0_0 is either unconnected or has no load
WARNING: [Synth 8-7129] Port data_in1[21] in module ad4134fw_ad4134_to_bram_0_0 is either unconnected or has no load
WARNING: [Synth 8-7129] Port data_in1[20] in module ad4134fw_ad4134_to_bram_0_0 is either unconnected or has no load
WARNING: [Synth 8-7129] Port data_in1[19] in module ad4134fw_ad4134_to_bram_0_0 is either unconnected or has no load
WARNING: [Synth 8-7129] Port data_in1[18] in module ad4134fw_ad4134_to_bram_0_0 is either unconnected or has no load
WARNING: [Synth 8-7129] Port data_in1[17] in module ad4134fw_ad4134_to_bram_0_0 is either unconnected or has no load
WARNING: [Synth 8-7129] Port data_in1[16] in module ad4134fw_ad4134_to_bram_0_0 is either unconnected or has no load
WARNING: [Synth 8-7129] Port data_in1[15] in module ad4134fw_ad4134_to_bram_0_0 is either unconnected or has no load
WARNING: [Synth 8-7129] Port data_in1[14] in module ad4134fw_ad4134_to_bram_0_0 is either unconnected or has no load
WARNING: [Synth 8-7129] Port data_in1[13] in module ad4134fw_ad4134_to_bram_0_0 is either unconnected or has no load
WARNING: [Synth 8-7129] Port data_in1[12] in module ad4134fw_ad4134_to_bram_0_0 is either unconnected or has no load
WARNING: [Synth 8-7129] Port data_in1[11] in module ad4134fw_ad4134_to_bram_0_0 is either unconnected or has no load
WARNING: [Synth 8-7129] Port data_in1[10] in module ad4134fw_ad4134_to_bram_0_0 is either unconnected or has no load
WARNING: [Synth 8-7129] Port data_in1[9] in module ad4134fw_ad4134_to_bram_0_0 is either unconnected or has no load
WARNING: [Synth 8-7129] Port data_in1[8] in module ad4134fw_ad4134_to_bram_0_0 is either unconnected or has no load
WARNING: [Synth 8-7129] Port data_in1[7] in module ad4134fw_ad4134_to_bram_0_0 is either unconnected or has no load
WARNING: [Synth 8-7129] Port data_in1[6] in module ad4134fw_ad4134_to_bram_0_0 is either unconnected or has no load
WARNING: [Synth 8-7129] Port data_in1[5] in module ad4134fw_ad4134_to_bram_0_0 is either unconnected or has no load
WARNING: [Synth 8-7129] Port data_in1[4] in module ad4134fw_ad4134_to_bram_0_0 is either unconnected or has no load
WARNING: [Synth 8-7129] Port data_in1[3] in module ad4134fw_ad4134_to_bram_0_0 is either unconnected or has no load
WARNING: [Synth 8-7129] Port data_in1[2] in module ad4134fw_ad4134_to_bram_0_0 is either unconnected or has no load
WARNING: [Synth 8-7129] Port data_in1[1] in module ad4134fw_ad4134_to_bram_0_0 is either unconnected or has no load
WARNING: [Synth 8-7129] Port data_in1[0] in module ad4134fw_ad4134_to_bram_0_0 is either unconnected or has no load
WARNING: [Synth 8-7129] Port data_in2[23] in module ad4134fw_ad4134_to_bram_0_0 is either unconnected or has no load
WARNING: [Synth 8-7129] Port data_in2[22] in module ad4134fw_ad4134_to_bram_0_0 is either unconnected or has no load
INFO: [Common 17-14] Message 'Synth 8-7129' appears 100 times and further instances of the messages will be disabled. Use the Tcl command set_msg_config to change the current settings.
---------------------------------------------------------------------------------
Finished Cross Boundary and Area Optimization : Time (s): cpu = 00:00:25 ; elapsed = 00:00:53 . Memory (MB): peak = 1811.355 ; gain = 392.125
---------------------------------------------------------------------------------
---------------------------------------------------------------------------------
Start Applying XDC Timing Constraints
---------------------------------------------------------------------------------
---------------------------------------------------------------------------------
Finished Applying XDC Timing Constraints : Time (s): cpu = 00:00:38 ; elapsed = 00:01:20 . Memory (MB): peak = 2437.617 ; gain = 1018.387
---------------------------------------------------------------------------------
---------------------------------------------------------------------------------
Start Timing Optimization
---------------------------------------------------------------------------------
---------------------------------------------------------------------------------
Finished Timing Optimization : Time (s): cpu = 00:00:38 ; elapsed = 00:01:21 . Memory (MB): peak = 2437.617 ; gain = 1018.387
---------------------------------------------------------------------------------
---------------------------------------------------------------------------------
Start Technology Mapping
---------------------------------------------------------------------------------
---------------------------------------------------------------------------------
Finished Technology Mapping : Time (s): cpu = 00:00:38 ; elapsed = 00:01:22 . Memory (MB): peak = 2447.707 ; gain = 1028.477
---------------------------------------------------------------------------------
---------------------------------------------------------------------------------
Start IO Insertion
---------------------------------------------------------------------------------
---------------------------------------------------------------------------------
Start Flattening Before IO Insertion
---------------------------------------------------------------------------------
---------------------------------------------------------------------------------
Finished Flattening Before IO Insertion
---------------------------------------------------------------------------------
---------------------------------------------------------------------------------
Start Final Netlist Cleanup
---------------------------------------------------------------------------------
---------------------------------------------------------------------------------
Finished Final Netlist Cleanup
---------------------------------------------------------------------------------
---------------------------------------------------------------------------------
Finished IO Insertion : Time (s): cpu = 00:00:44 ; elapsed = 00:01:35 . Memory (MB): peak = 2663.840 ; gain = 1244.609
---------------------------------------------------------------------------------
---------------------------------------------------------------------------------
Start Renaming Generated Instances
---------------------------------------------------------------------------------
---------------------------------------------------------------------------------
Finished Renaming Generated Instances : Time (s): cpu = 00:00:44 ; elapsed = 00:01:35 . Memory (MB): peak = 2663.840 ; gain = 1244.609
---------------------------------------------------------------------------------
---------------------------------------------------------------------------------
Start Rebuilding User Hierarchy
---------------------------------------------------------------------------------
---------------------------------------------------------------------------------
Finished Rebuilding User Hierarchy : Time (s): cpu = 00:00:44 ; elapsed = 00:01:35 . Memory (MB): peak = 2663.840 ; gain = 1244.609
---------------------------------------------------------------------------------
---------------------------------------------------------------------------------
Start Renaming Generated Ports
---------------------------------------------------------------------------------
---------------------------------------------------------------------------------
Finished Renaming Generated Ports : Time (s): cpu = 00:00:44 ; elapsed = 00:01:35 . Memory (MB): peak = 2663.840 ; gain = 1244.609
---------------------------------------------------------------------------------
---------------------------------------------------------------------------------
Start Handling Custom Attributes
---------------------------------------------------------------------------------
---------------------------------------------------------------------------------
Finished Handling Custom Attributes : Time (s): cpu = 00:00:44 ; elapsed = 00:01:36 . Memory (MB): peak = 2663.840 ; gain = 1244.609
---------------------------------------------------------------------------------
---------------------------------------------------------------------------------
Start Renaming Generated Nets
---------------------------------------------------------------------------------
---------------------------------------------------------------------------------
Finished Renaming Generated Nets : Time (s): cpu = 00:00:44 ; elapsed = 00:01:36 . Memory (MB): peak = 2663.840 ; gain = 1244.609
---------------------------------------------------------------------------------
---------------------------------------------------------------------------------
Start Writing Synthesis Report
---------------------------------------------------------------------------------

Report BlackBoxes: 
+-+--------------+----------+
| |BlackBox name |Instances |
+-+--------------+----------+
+-+--------------+----------+

Report Cell Usage: 
+------+-------+------+
|      |Cell   |Count |
+------+-------+------+
|1     |CARRY8 |     2|
|2     |LUT1   |     2|
|3     |LUT2   |     2|
|4     |LUT3   |     2|
|5     |LUT4   |     2|
|6     |LUT5   |     3|
|7     |LUT6   |     1|
|8     |FDCE   |    33|
|9     |FDPE   |     2|
|10    |FDRE   |    37|
+------+-------+------+
---------------------------------------------------------------------------------
Finished Writing Synthesis Report : Time (s): cpu = 00:00:44 ; elapsed = 00:01:36 . Memory (MB): peak = 2663.840 ; gain = 1244.609
---------------------------------------------------------------------------------
Synthesis finished with 0 errors, 0 critical warnings and 74 warnings.
Synthesis Optimization Runtime : Time (s): cpu = 00:00:33 ; elapsed = 00:01:30 . Memory (MB): peak = 2663.840 ; gain = 1139.543
Synthesis Optimization Complete : Time (s): cpu = 00:00:44 ; elapsed = 00:01:37 . Memory (MB): peak = 2663.840 ; gain = 1244.609
INFO: [Project 1-571] Translating synthesized netlist
Netlist sorting complete. Time (s): cpu = 00:00:00 ; elapsed = 00:00:00.193 . Memory (MB): peak = 2663.840 ; gain = 0.000
INFO: [Netlist 29-17] Analyzing 2 Unisim elements for replacement
INFO: [Netlist 29-28] Unisim Transformation completed in 0 CPU seconds
INFO: [Project 1-570] Preparing netlist for logic optimization
INFO: [Opt 31-138] Pushed 0 inverter(s) to 0 load pin(s).
Netlist sorting complete. Time (s): cpu = 00:00:00 ; elapsed = 00:00:00.001 . Memory (MB): peak = 2663.840 ; gain = 0.000
INFO: [Project 1-111] Unisim Transformation Summary:
No Unisim elements were transformed.

Synth Design complete | Checksum: 50ff9095
INFO: [Common 17-83] Releasing license: Synthesis
35 Infos, 102 Warnings, 0 Critical Warnings and 0 Errors encountered.
synth_design completed successfully
synth_design: Time (s): cpu = 00:00:53 ; elapsed = 00:02:20 . Memory (MB): peak = 2663.840 ; gain = 2238.090
Write ShapeDB Complete: Time (s): cpu = 00:00:00 ; elapsed = 00:00:00 . Memory (MB): peak = 2663.840 ; gain = 0.000
INFO: [Common 17-1381] The checkpoint 'C:/work/AD4134/vivado/ad4134fw.runs/ad4134fw_ad4134_to_bram_0_0_synth_1/ad4134fw_ad4134_to_bram_0_0.dcp' has been generated.
INFO: [Vivado 12-24828] Executing command : report_utilization -file ad4134fw_ad4134_to_bram_0_0_utilization_synth.rpt -pb ad4134fw_ad4134_to_bram_0_0_utilization_synth.pb
INFO: [Common 17-206] Exiting Vivado at Sun Nov 16 21:37:05 2025...
