#-----------------------------------------------------------
# Vivado v2020.2 (64-bit)
# SW Build 3064766 on Wed Nov 18 09:12:45 MST 2020
# IP Build 3064653 on Wed Nov 18 14:17:31 MST 2020
# Start of session at: Sun Dec 10 17:10:03 2023
# Process ID: 5504
# Current directory: C:/Users/adria/OneDrive/Documents/Adriaan/Werk Goedjies/BTT/fw/redpitaya_guide/tmp/spi_fw
# Command line: vivado.exe -gui_launcher_event rodinguilauncherevent9328 C:\Users\adria\OneDrive\Documents\Adriaan\Werk Goedjies\BTT\fw\redpitaya_guide\tmp\spi_fw\1_led_blink.xpr
# Log file: C:/Users/adria/OneDrive/Documents/Adriaan/Werk Goedjies/BTT/fw/redpitaya_guide/tmp/spi_fw/vivado.log
# Journal file: C:/Users/adria/OneDrive/Documents/Adriaan/Werk Goedjies/BTT/fw/redpitaya_guide/tmp/spi_fw\vivado.jou
#-----------------------------------------------------------
start_gui
open_project {C:/Users/adria/OneDrive/Documents/Adriaan/Werk Goedjies/BTT/fw/redpitaya_guide/tmp/spi_fw/1_led_blink.xpr}
INFO: [ProjectBase 1-489] The host OS only allows 260 characters in a normal path. The project is stored in a path with more than 80 characters. If you experience issues with IP, Block Designs, or files not being found, please consider moving the project to a location with a shorter path. Alternately consider using the OS subst command to map part of the path to a drive letter.
Current project path is 'C:/Users/adria/OneDrive/Documents/Adriaan/Werk Goedjies/BTT/fw/redpitaya_guide/tmp/spi_fw'
INFO: [Project 1-313] Project file moved from 'C:/Users/adria/OneDrive/Documents/Adriaan/Werk Goedjies/BTT/fw/redpitaya_guide/tmp/1_led_blink' since last save.
WARNING: [filemgmt 56-3] IP Repository Path: Could not find the directory 'C:/Users/adria/OneDrive/Documents/Adriaan/Werk Goedjies/BTT/fw/redpitaya_guide/tmp/cores'.
Scanning sources...
Finished scanning sources
INFO: [IP_Flow 19-234] Refreshing IP repositories
WARNING: [IP_Flow 19-2248] Failed to load user IP repository 'c:/Users/adria/OneDrive/Documents/Adriaan/Werk Goedjies/BTT/fw/redpitaya_guide/tmp/cores'; Can't find the specified path.
If this directory should no longer be in your list of user repositories, go to the IP Settings dialog and remove it.
INFO: [IP_Flow 19-2313] Loaded Vivado IP repository 'C:/Xilinx/Vivado/2020.2/data/ip'.
open_project: Time (s): cpu = 00:00:15 ; elapsed = 00:00:10 . Memory (MB): peak = 1112.773 ; gain = 0.000
update_compile_order -fileset sources_1
open_bd_design {C:/Users/adria/OneDrive/Documents/Adriaan/Werk Goedjies/BTT/fw/redpitaya_guide/tmp/spi_fw/1_led_blink.srcs/sources_1/bd/system/system.bd}
Reading block design file <C:/Users/adria/OneDrive/Documents/Adriaan/Werk Goedjies/BTT/fw/redpitaya_guide/tmp/spi_fw/1_led_blink.srcs/sources_1/bd/system/system.bd>...
Adding component instance block -- xilinx.com:ip:c_counter_binary:12.0 - c_counter_binary_0
Adding component instance block -- xilinx.com:ip:xlslice:1.0 - xlslice_0
Adding component instance block -- xilinx.com:ip:processing_system7:5.5 - processing_system7_0
Adding component instance block -- xilinx.com:ip:proc_sys_reset:5.0 - proc_sys_reset_0
Adding component instance block -- xilinx.com:ip:axi_interconnect:2.1 - axi_interconnect_0
Adding component instance block -- xilinx.com:ip:axi_crossbar:2.1 - xbar
Adding component instance block -- xilinx.com:ip:axi_protocol_converter:2.1 - auto_pc
Adding component instance block -- xilinx.com:ip:clk_wiz:6.0 - clk_wiz_0
Adding component instance block -- xilinx.com:ip:axi_gpio:2.0 - leds_gpio
Adding component instance block -- xilinx.com:ip:axi_gpio:2.0 - spi_gpio_write
Adding component instance block -- xilinx.com:ip:axi_gpio:2.0 - spi_gpio_read
Adding component instance block -- xilinx.com:ip:xlslice:1.0 - xlslice_1
Adding component instance block -- xilinx.com:ip:axi_gpio:2.0 - scc_config
Adding component instance block -- xilinx.com:module_ref:spi:1.0 - ad5270_spi_core
Adding component instance block -- xilinx.com:module_ref:scc_config:1.0 - scc_config_0
Successfully read diagram <system> from block design file <C:/Users/adria/OneDrive/Documents/Adriaan/Werk Goedjies/BTT/fw/redpitaya_guide/tmp/spi_fw/1_led_blink.srcs/sources_1/bd/system/system.bd>
open_bd_design: Time (s): cpu = 00:00:10 ; elapsed = 00:00:05 . Memory (MB): peak = 1149.195 ; gain = 36.422
