#-----------------------------------------------------------
# Vivado v2020.2 (64-bit)
# SW Build 3064766 on Wed Nov 18 09:12:45 MST 2020
# IP Build 3064653 on Wed Nov 18 14:17:31 MST 2020
# Start of session at: Mon Dec 18 16:24:10 2023
# Process ID: 9664
# Current directory: C:/Users/adria/OneDrive/Documents/Adriaan/Werk Goedjies/BTT/fw/btt_sccv2_fw/fw
# Command line: vivado.exe -gui_launcher_event rodinguilauncherevent6360 C:\Users\adria\OneDrive\Documents\Adriaan\Werk Goedjies\BTT\fw\btt_sccv2_fw\fw\1_led_blink.xpr
# Log file: C:/Users/adria/OneDrive/Documents/Adriaan/Werk Goedjies/BTT/fw/btt_sccv2_fw/fw/vivado.log
# Journal file: C:/Users/adria/OneDrive/Documents/Adriaan/Werk Goedjies/BTT/fw/btt_sccv2_fw/fw\vivado.jou
#-----------------------------------------------------------
start_gui
open_project {C:/Users/adria/OneDrive/Documents/Adriaan/Werk Goedjies/BTT/fw/btt_sccv2_fw/fw/1_led_blink.xpr}
INFO: [Project 1-313] Project file moved from 'C:/work_other/FW/btt_sccv2_fw/fw' since last save.
WARNING: [filemgmt 56-2] IP Repository Path: Could not find the directory 'C:/Users/adria/OneDrive/Documents/Adriaan/Werk Goedjies/BTT/fw/btt_sccv2_fw/cores', nor could it be found using path 'C:/work_other/FW/btt_sccv2_fw/cores'.
Scanning sources...
Finished scanning sources
INFO: [IP_Flow 19-234] Refreshing IP repositories
WARNING: [IP_Flow 19-2248] Failed to load user IP repository 'c:/Users/adria/OneDrive/Documents/Adriaan/Werk Goedjies/BTT/fw/btt_sccv2_fw/cores'; Can't find the specified path.
If this directory should no longer be in your list of user repositories, go to the IP Settings dialog and remove it.
INFO: [IP_Flow 19-2313] Loaded Vivado IP repository 'C:/Xilinx/Vivado/2020.2/data/ip'.
open_project: Time (s): cpu = 00:00:15 ; elapsed = 00:00:09 . Memory (MB): peak = 1089.141 ; gain = 0.000
update_compile_order -fileset sources_1
open_bd_design {C:/Users/adria/OneDrive/Documents/Adriaan/Werk Goedjies/BTT/fw/btt_sccv2_fw/fw/1_led_blink.srcs/sources_1/bd/system/system.bd}
Reading block design file <C:/Users/adria/OneDrive/Documents/Adriaan/Werk Goedjies/BTT/fw/btt_sccv2_fw/fw/1_led_blink.srcs/sources_1/bd/system/system.bd>...
Adding component instance block -- xilinx.com:ip:c_counter_binary:12.0 - c_counter_binary_0
Adding component instance block -- xilinx.com:ip:xlslice:1.0 - xlslice_0
Adding component instance block -- xilinx.com:ip:processing_system7:5.5 - processing_system7_0
Adding component instance block -- xilinx.com:ip:proc_sys_reset:5.0 - proc_sys_reset_0
Adding component instance block -- xilinx.com:ip:axi_interconnect:2.1 - axi_interconnect_0
Adding component instance block -- xilinx.com:ip:axi_crossbar:2.1 - xbar
Adding component instance block -- xilinx.com:ip:axi_protocol_converter:2.1 - auto_pc
Adding component instance block -- xilinx.com:ip:clk_wiz:6.0 - clk_wiz_0
Adding component instance block -- xilinx.com:ip:axi_gpio:2.0 - leds_gpio
Adding component instance block -- xilinx.com:ip:axi_gpio:2.0 - spi_gpio_write
Adding component instance block -- xilinx.com:ip:axi_gpio:2.0 - spi_gpio_read
Adding component instance block -- xilinx.com:ip:xlslice:1.0 - xlslice_1
Adding component instance block -- xilinx.com:ip:axi_gpio:2.0 - scc_config
Adding component instance block -- xilinx.com:module_ref:spi:1.0 - ad5270_spi_core
Adding component instance block -- xilinx.com:module_ref:scc_config:1.0 - scc_config_0
Successfully read diagram <system> from block design file <C:/Users/adria/OneDrive/Documents/Adriaan/Werk Goedjies/BTT/fw/btt_sccv2_fw/fw/1_led_blink.srcs/sources_1/bd/system/system.bd>
open_bd_design: Time (s): cpu = 00:00:13 ; elapsed = 00:00:07 . Memory (MB): peak = 1141.961 ; gain = 52.820
validate_bd_design
WARNING: [#UNDEF] When using EMIO pins for SPI_0 tie SSIN High in the PL bitstream
INFO: [xilinx.com:ip:clk_wiz:6.0-1] /clk_wiz_0 clk_wiz propagate
validate_bd_design: Time (s): cpu = 00:00:12 ; elapsed = 00:00:11 . Memory (MB): peak = 1236.375 ; gain = 3.102
save_bd_design
Wrote  : <C:\Users\adria\OneDrive\Documents\Adriaan\Werk Goedjies\BTT\fw\btt_sccv2_fw\fw\1_led_blink.srcs\sources_1\bd\system\system.bd> 
Wrote  : <C:/Users/adria/OneDrive/Documents/Adriaan/Werk Goedjies/BTT/fw/btt_sccv2_fw/fw/1_led_blink.srcs/sources_1/bd/system/ui/bd_c954508f.ui> 
set_property file_type VHDL [get_files  {{C:/Users/adria/OneDrive/Documents/Adriaan/Werk Goedjies/BTT/fw/btt_sccv2_fw/fw/1_led_blink.srcs/sources_1/new/i2c_expander.vhd}}]
create_bd_cell -type module -reference i2c_expander i2c_expander_0
INFO: [IP_Flow 19-5107] Inferred bus interface 'rstn' of definition 'xilinx.com:signal:reset:1.0' (from Xilinx Repository).
INFO: [IP_Flow 19-4728] Bus Interface 'rstn': Added interface parameter 'POLARITY' with value 'ACTIVE_LOW'.
WARNING: [IP_Flow 19-3157] Bus Interface 'rstn': Bus parameter POLARITY is ACTIVE_LOW but port 'rstn' is not *resetn - please double check the POLARITY setting.
INFO: [IP_Flow 19-234] Refreshing IP repositories
WARNING: [IP_Flow 19-2248] Failed to load user IP repository 'c:/Users/adria/OneDrive/Documents/Adriaan/Werk Goedjies/BTT/fw/btt_sccv2_fw/cores'; Can't find the specified path.
If this directory should no longer be in your list of user repositories, go to the IP Settings dialog and remove it.
connect_bd_net [get_bd_pins i2c_expander_0/clk_in] [get_bd_pins clk_wiz_0/clk_out2]
connect_bd_net [get_bd_pins i2c_expander_0/rstn] [get_bd_pins PS_Subsystem/axi_rst]
delete_bd_objs [get_bd_nets scc_config_gpio_io_o] [get_bd_cells scc_config_0]
update_compile_order -fileset sources_1
connect_bd_net [get_bd_pins scc_config/gpio_io_o] [get_bd_pins i2c_expander_0/axi_gpio_in]
WARNING: [BD 41-1306] The connection to interface pin </scc_config/gpio_io_o> is being overridden by the user with net <scc_config_gpio_io_o>. This pin will not be connected as a part of interface connection <GPIO>.
delete_bd_objs [get_bd_ports gain_ctrl_1_1_0]
delete_bd_objs [get_bd_ports gain_ctrl_1_0_0]
delete_bd_objs [get_bd_ports gain_ctrl_2_1_0]
delete_bd_objs [get_bd_ports gain_ctrl_2_0_0]
delete_bd_objs [get_bd_ports n_enable_switch_0]
delete_bd_objs [get_bd_ports switch_2_0]
delete_bd_objs [get_bd_ports switch_1_0]
delete_bd_objs [get_bd_ports led_2_0]
delete_bd_objs [get_bd_ports led_1_0]
create_bd_port -dir O -type clk i2c_scl
set_property location {1577 698} [get_bd_ports i2c_scl]
delete_bd_objs [get_bd_ports i2c_scl]
create_bd_port -dir O i2c_scl
set_property location {1584 699} [get_bd_ports i2c_scl]
connect_bd_net [get_bd_ports i2c_scl] [get_bd_pins i2c_expander_0/axi_gpio_out]
delete_bd_objs [get_bd_nets i2c_expander_0_axi_gpio_out]
delete_bd_objs [get_bd_ports i2c_scl]
startgroup
make_bd_pins_external  [get_bd_cells i2c_expander_0]
make_bd_intf_pins_external  [get_bd_cells i2c_expander_0]
INFO: [BD 5-409] No interface pins to be made external for /i2c_expander_0
endgroup
delete_bd_objs [get_bd_nets i2c_expander_0_axi_gpio_out] [get_bd_ports axi_gpio_out_0]
update_module_reference system_i2c_expander_0_0
INFO: [IP_Flow 19-5107] Inferred bus interface 'rstn' of definition 'xilinx.com:signal:reset:1.0' (from Xilinx Repository).
INFO: [IP_Flow 19-4728] Bus Interface 'rstn': Added interface parameter 'POLARITY' with value 'ACTIVE_LOW'.
WARNING: [IP_Flow 19-3157] Bus Interface 'rstn': Bus parameter POLARITY is ACTIVE_LOW but port 'rstn' is not *resetn - please double check the POLARITY setting.
INFO: [IP_Flow 19-234] Refreshing IP repositories
WARNING: [IP_Flow 19-2248] Failed to load user IP repository 'c:/Users/adria/OneDrive/Documents/Adriaan/Werk Goedjies/BTT/fw/btt_sccv2_fw/cores'; Can't find the specified path.
If this directory should no longer be in your list of user repositories, go to the IP Settings dialog and remove it.
Upgrading 'C:/Users/adria/OneDrive/Documents/Adriaan/Werk Goedjies/BTT/fw/btt_sccv2_fw/fw/1_led_blink.srcs/sources_1/bd/system/system.bd'
INFO: [IP_Flow 19-1972] Upgraded system_i2c_expander_0_0 from i2c_expander_v1_0 1.0 to i2c_expander_v1_0 1.0
WARNING: [IP_Flow 19-4704] Upgraded port 'scl' out differs from original direction inout
WARNING: [IP_Flow 19-3298] Detected external port differences while upgrading 'system_i2c_expander_0_0'. These changes may impact your design.
ERROR: [BD 41-249] Net 'Net' already has a source port '/scl_0' connected to it; Another source port cannot be connected to this net.
CRITICAL WARNING: [Coretcl 2-1280] The upgrade of 'system_i2c_expander_0_0' has identified issues that may require user intervention. Please verify that the instance is correctly configured, and review any upgrade messages.
Wrote  : <C:\Users\adria\OneDrive\Documents\Adriaan\Werk Goedjies\BTT\fw\btt_sccv2_fw\fw\1_led_blink.srcs\sources_1\bd\system\system.bd> 
Wrote  : <C:/Users/adria/OneDrive/Documents/Adriaan/Werk Goedjies/BTT/fw/btt_sccv2_fw/fw/1_led_blink.srcs/sources_1/bd/system/ui/bd_c954508f.ui> 
ERROR: [Common 17-39] 'upgrade_ip' failed due to earlier errors.
ERROR: [Common 17-39] 'upgrade_ip' failed due to earlier errors.
update_compile_order -fileset sources_1
delete_bd_objs [get_bd_nets Net] [get_bd_ports scl_0]
delete_bd_objs [get_bd_nets Net1] [get_bd_ports sda_0]
connect_bd_net [get_bd_pins i2c_expander_0/clk_in] [get_bd_pins clk_wiz_0/clk_out2]
connect_bd_net [get_bd_pins i2c_expander_0/rstn] [get_bd_pins PS_Subsystem/axi_rst]
delete_bd_objs [get_bd_nets scc_config_gpio_io_o] [get_bd_cells i2c_expander_0_upgraded_ipi]
update_compile_order -fileset sources_1
connect_bd_net [get_bd_pins scc_config/gpio_io_o] [get_bd_pins i2c_expander_0/axi_gpio_in]
WARNING: [BD 41-1306] The connection to interface pin </scc_config/gpio_io_o> is being overridden by the user with net <scc_config_gpio_io_o>. This pin will not be connected as a part of interface connection <GPIO>.
startgroup
make_bd_pins_external  [get_bd_cells i2c_expander_0]
make_bd_intf_pins_external  [get_bd_cells i2c_expander_0]
INFO: [BD 5-409] No interface pins to be made external for /i2c_expander_0
endgroup
delete_bd_objs [get_bd_nets i2c_expander_0_axi_gpio_out] [get_bd_ports axi_gpio_out_0]
delete_bd_objs [get_bd_nets Net] [get_bd_ports scl_0]
delete_bd_objs [get_bd_nets Net1] [get_bd_ports sda_0]
delete_bd_objs [get_bd_nets scc_config_gpio_io_o] [get_bd_cells i2c_expander_0]
create_bd_cell -type module -reference i2c_expander i2c_expander_0
startgroup
make_bd_pins_external  [get_bd_cells i2c_expander_0]
make_bd_intf_pins_external  [get_bd_cells i2c_expander_0]
INFO: [BD 5-409] No interface pins to be made external for /i2c_expander_0
endgroup
delete_bd_objs [get_bd_nets i2c_expander_0_axi_gpio_out] [get_bd_ports axi_gpio_out_0]
delete_bd_objs [get_bd_nets rstn_0_1] [get_bd_ports rstn_0]
delete_bd_objs [get_bd_nets clk_in_0_1] [get_bd_ports clk_in_0]
delete_bd_objs [get_bd_nets axi_gpio_in_0_1] [get_bd_ports axi_gpio_in_0]
connect_bd_net [get_bd_pins i2c_expander_0/axi_gpio_in] [get_bd_pins scc_config/gpio_io_o]
WARNING: [BD 41-1306] The connection to interface pin </scc_config/gpio_io_o> is being overridden by the user with net <scc_config_gpio_io_o>. This pin will not be connected as a part of interface connection <GPIO>.
connect_bd_net [get_bd_pins i2c_expander_0/clk_in] [get_bd_pins clk_wiz_0/clk_out2]
connect_bd_net [get_bd_pins i2c_expander_0/rstn] [get_bd_pins PS_Subsystem/axi_rst]
save_bd_design
Wrote  : <C:\Users\adria\OneDrive\Documents\Adriaan\Werk Goedjies\BTT\fw\btt_sccv2_fw\fw\1_led_blink.srcs\sources_1\bd\system\system.bd> 
Wrote  : <C:/Users/adria/OneDrive/Documents/Adriaan/Werk Goedjies/BTT/fw/btt_sccv2_fw/fw/1_led_blink.srcs/sources_1/bd/system/ui/bd_c954508f.ui> 
update_compile_order -fileset sources_1
reset_run system_clk_wiz_0_0_synth_1
reset_run system_axi_gpio_0_0_synth_1
reset_run system_axi_gpio_0_1_synth_1
reset_run system_spi_gpio_write_0_synth_1
reset_run system_xbar_0_synth_1
reset_run system_proc_sys_reset_0_0_synth_1
ERROR: [Vivado 12-106] *** Exception: ui.utils.e: ui.frmwork.cmd.CommandFailedException: boost::filesystem::status: Access is denied: "C:/Users/adria/OneDrive/Documents/Adriaan/Werk Goedjies/BTT/fw/btt_sccv2_fw/fw/1_led_blink.runs/system_proc_sys_reset_0_0_synth_1/system_proc_sys_reset_0_0_utilization_synth.pb" ui.frmwork.cmd.CommandFailedException: boost::filesystem::status: Access is denied: "C:/Users/adria/OneDrive/Documents/Adriaan/Werk Goedjies/BTT/fw/btt_sccv2_fw/fw/1_led_blink.runs/system_proc_sys_reset_0_0_synth_1/system_proc_sys_reset_0_0_utilization_synth.pb"
	at ui.project.projecti.HAPRRunMgr_updateAllRuns(Native Method)
	at ui.data.experiment.D.czB(SourceFile:208)
	at ui.data.experiment.F.aOt(SourceFile:378)
	at ui.frmwork.y.run(SourceFile:203)
	at java.base/java.lang.Thread.run(Thread.java:834)
 (See C:/Users/adria/OneDrive/Documents/Adriaan/Werk Goedjies/BTT/fw/btt_sccv2_fw/fw/vivado_pid9664.debug)
ERROR: [Common 17-39] 'reset_runs' failed due to earlier errors.
reset_run synth_1
launch_runs synth_1 -jobs 6
WARNING: [#UNDEF] When using EMIO pins for SPI_0 tie SSIN High in the PL bitstream
INFO: [xilinx.com:ip:clk_wiz:6.0-1] /clk_wiz_0 clk_wiz propagate
Wrote  : <C:\Users\adria\OneDrive\Documents\Adriaan\Werk Goedjies\BTT\fw\btt_sccv2_fw\fw\1_led_blink.srcs\sources_1\bd\system\system.bd> 
Wrote  : <C:/Users/adria/OneDrive/Documents/Adriaan/Werk Goedjies/BTT/fw/btt_sccv2_fw/fw/1_led_blink.srcs/sources_1/bd/system/ui/bd_c954508f.ui> 
VHDL Output written to : c:/Users/adria/OneDrive/Documents/Adriaan/Werk Goedjies/BTT/fw/btt_sccv2_fw/fw/1_led_blink.gen/sources_1/bd/system/synth/system.vhd
VHDL Output written to : c:/Users/adria/OneDrive/Documents/Adriaan/Werk Goedjies/BTT/fw/btt_sccv2_fw/fw/1_led_blink.gen/sources_1/bd/system/sim/system.vhd
VHDL Output written to : c:/Users/adria/OneDrive/Documents/Adriaan/Werk Goedjies/BTT/fw/btt_sccv2_fw/fw/1_led_blink.gen/sources_1/bd/system/hdl/system_wrapper.vhd
INFO: [IP_Flow 19-234] Refreshing IP repositories
WARNING: [IP_Flow 19-2248] Failed to load user IP repository 'c:/Users/adria/OneDrive/Documents/Adriaan/Werk Goedjies/BTT/fw/btt_sccv2_fw/cores'; Can't find the specified path.
If this directory should no longer be in your list of user repositories, go to the IP Settings dialog and remove it.
INFO: [BD 41-1029] Generation completed for the IP Integrator block c_counter_binary_0 .
INFO: [BD 41-1029] Generation completed for the IP Integrator block xlslice_0 .
WARNING: [IP_Flow 19-5611] Unable to find an associated reset port for the interface 'M_AXI_GP0'. A default connection has been created.
WARNING: [IP_Flow 19-5611] Unable to find an associated reset port for the interface 'S_AXI_HP0'. A default connection has been created.
INFO: [BD 41-1029] Generation completed for the IP Integrator block PS_Subsystem/processing_system7_0 .
INFO: [BD 41-1029] Generation completed for the IP Integrator block PS_Subsystem/proc_sys_reset_0 .
INFO: [BD 41-1029] Generation completed for the IP Integrator block PS_Subsystem/axi_interconnect_0/xbar .
INFO: [BD 41-1029] Generation completed for the IP Integrator block clk_wiz_0 .
INFO: [BD 41-1029] Generation completed for the IP Integrator block leds_gpio .
INFO: [BD 41-1029] Generation completed for the IP Integrator block spi_gpio_write .
INFO: [BD 41-1029] Generation completed for the IP Integrator block spi_gpio_read .
INFO: [BD 41-1029] Generation completed for the IP Integrator block xlslice_1 .
INFO: [BD 41-1029] Generation completed for the IP Integrator block scc_config .
INFO: [BD 41-1029] Generation completed for the IP Integrator block ad5270_spi_core .
INFO: [BD 41-1029] Generation completed for the IP Integrator block i2c_expander_0 .
WARNING: [IP_Flow 19-4994] Overwriting existing constraint file 'c:/Users/adria/OneDrive/Documents/Adriaan/Werk Goedjies/BTT/fw/btt_sccv2_fw/fw/1_led_blink.gen/sources_1/bd/system/ip/system_auto_pc_0/system_auto_pc_0_ooc.xdc'
INFO: [BD 41-1029] Generation completed for the IP Integrator block PS_Subsystem/axi_interconnect_0/s00_couplers/auto_pc .
Exporting to file c:/Users/adria/OneDrive/Documents/Adriaan/Werk Goedjies/BTT/fw/btt_sccv2_fw/fw/1_led_blink.gen/sources_1/bd/system/hw_handoff/system.hwh
Generated Block Design Tcl file c:/Users/adria/OneDrive/Documents/Adriaan/Werk Goedjies/BTT/fw/btt_sccv2_fw/fw/1_led_blink.gen/sources_1/bd/system/hw_handoff/system_bd.tcl
Generated Hardware Definition File c:/Users/adria/OneDrive/Documents/Adriaan/Werk Goedjies/BTT/fw/btt_sccv2_fw/fw/1_led_blink.gen/sources_1/bd/system/synth/system.hwdef
INFO: [IP_Flow 19-7066] Running IP cache check for IP system_auto_pc_0
INFO: [IP_Flow 19-7066] Running IP cache check for IP system_axi_gpio_0_0
INFO: [IP_Flow 19-7066] Running IP cache check for IP system_axi_gpio_0_1
INFO: [IP_Flow 19-7066] Running IP cache check for IP system_axi_gpio_0_2
INFO: [IP_Flow 19-7066] Running IP cache check for IP system_c_counter_binary_0_0
INFO: [IP_Flow 19-7066] Running IP cache check for IP system_clk_wiz_0_0
INFO: [IP_Flow 19-7066] Running IP cache check for IP system_proc_sys_reset_0_0
INFO: [IP_Flow 19-7066] Running IP cache check for IP system_processing_system7_0_0
INFO: [IP_Flow 19-7066] Running IP cache check for IP system_spi_gpio_write_0
INFO: [IP_Flow 19-7066] Running IP cache check for IP system_xbar_0
[Mon Dec 18 16:39:30 2023] Launched system_clk_wiz_0_0_synth_1, system_axi_gpio_0_0_synth_1, system_axi_gpio_0_1_synth_1, system_spi_gpio_write_0_synth_1, system_xbar_0_synth_1, system_proc_sys_reset_0_0_synth_1, system_c_counter_binary_0_0_synth_1, system_processing_system7_0_0_synth_1, system_axi_gpio_0_2_synth_1, system_spi_0_0_synth_1, system_auto_pc_0_synth_1, system_i2c_expander_0_1_synth_1...
Run output will be captured here:
system_clk_wiz_0_0_synth_1: C:/Users/adria/OneDrive/Documents/Adriaan/Werk Goedjies/BTT/fw/btt_sccv2_fw/fw/1_led_blink.runs/system_clk_wiz_0_0_synth_1/runme.log
system_axi_gpio_0_0_synth_1: C:/Users/adria/OneDrive/Documents/Adriaan/Werk Goedjies/BTT/fw/btt_sccv2_fw/fw/1_led_blink.runs/system_axi_gpio_0_0_synth_1/runme.log
system_axi_gpio_0_1_synth_1: C:/Users/adria/OneDrive/Documents/Adriaan/Werk Goedjies/BTT/fw/btt_sccv2_fw/fw/1_led_blink.runs/system_axi_gpio_0_1_synth_1/runme.log
system_spi_gpio_write_0_synth_1: C:/Users/adria/OneDrive/Documents/Adriaan/Werk Goedjies/BTT/fw/btt_sccv2_fw/fw/1_led_blink.runs/system_spi_gpio_write_0_synth_1/runme.log
system_xbar_0_synth_1: C:/Users/adria/OneDrive/Documents/Adriaan/Werk Goedjies/BTT/fw/btt_sccv2_fw/fw/1_led_blink.runs/system_xbar_0_synth_1/runme.log
system_proc_sys_reset_0_0_synth_1: C:/Users/adria/OneDrive/Documents/Adriaan/Werk Goedjies/BTT/fw/btt_sccv2_fw/fw/1_led_blink.runs/system_proc_sys_reset_0_0_synth_1/runme.log
system_c_counter_binary_0_0_synth_1: C:/Users/adria/OneDrive/Documents/Adriaan/Werk Goedjies/BTT/fw/btt_sccv2_fw/fw/1_led_blink.runs/system_c_counter_binary_0_0_synth_1/runme.log
system_processing_system7_0_0_synth_1: C:/Users/adria/OneDrive/Documents/Adriaan/Werk Goedjies/BTT/fw/btt_sccv2_fw/fw/1_led_blink.runs/system_processing_system7_0_0_synth_1/runme.log
system_axi_gpio_0_2_synth_1: C:/Users/adria/OneDrive/Documents/Adriaan/Werk Goedjies/BTT/fw/btt_sccv2_fw/fw/1_led_blink.runs/system_axi_gpio_0_2_synth_1/runme.log
system_spi_0_0_synth_1: C:/Users/adria/OneDrive/Documents/Adriaan/Werk Goedjies/BTT/fw/btt_sccv2_fw/fw/1_led_blink.runs/system_spi_0_0_synth_1/runme.log
system_auto_pc_0_synth_1: C:/Users/adria/OneDrive/Documents/Adriaan/Werk Goedjies/BTT/fw/btt_sccv2_fw/fw/1_led_blink.runs/system_auto_pc_0_synth_1/runme.log
system_i2c_expander_0_1_synth_1: C:/Users/adria/OneDrive/Documents/Adriaan/Werk Goedjies/BTT/fw/btt_sccv2_fw/fw/1_led_blink.runs/system_i2c_expander_0_1_synth_1/runme.log
[Mon Dec 18 16:39:31 2023] Launched synth_1...
Run output will be captured here: C:/Users/adria/OneDrive/Documents/Adriaan/Werk Goedjies/BTT/fw/btt_sccv2_fw/fw/1_led_blink.runs/synth_1/runme.log
launch_runs: Time (s): cpu = 00:00:43 ; elapsed = 00:00:56 . Memory (MB): peak = 1535.957 ; gain = 250.082
exit
INFO: [Common 17-206] Exiting Vivado at Mon Dec 18 16:40:39 2023...
