#-----------------------------------------------------------
# Vivado v2020.2 (64-bit)
# SW Build 3064766 on Wed Nov 18 09:12:45 MST 2020
# IP Build 3064653 on Wed Nov 18 14:17:31 MST 2020
# Start of session at: Sat Jan 20 14:38:30 2024
# Process ID: 4788
# Current directory: C:/Users/adria/OneDrive/Documents/Adriaan/Werk Goedjies/BTT/fw/btt_sccv2_fw/fw
# Command line: vivado.exe -gui_launcher_event rodinguilauncherevent10268 C:\Users\adria\OneDrive\Documents\Adriaan\Werk Goedjies\BTT\fw\btt_sccv2_fw\fw\1_led_blink.xpr
# Log file: C:/Users/adria/OneDrive/Documents/Adriaan/Werk Goedjies/BTT/fw/btt_sccv2_fw/fw/vivado.log
# Journal file: C:/Users/adria/OneDrive/Documents/Adriaan/Werk Goedjies/BTT/fw/btt_sccv2_fw/fw\vivado.jou
#-----------------------------------------------------------
start_gui
open_project {C:/Users/adria/OneDrive/Documents/Adriaan/Werk Goedjies/BTT/fw/btt_sccv2_fw/fw/1_led_blink.xpr}
INFO: [Project 1-313] Project file moved from 'C:/work_other/FW/btt_sccv2_fw/fw' since last save.
WARNING: [filemgmt 56-2] IP Repository Path: Could not find the directory 'C:/Users/adria/OneDrive/Documents/Adriaan/Werk Goedjies/BTT/fw/btt_sccv2_fw/cores', nor could it be found using path 'C:/work_other/FW/btt_sccv2_fw/cores'.
Scanning sources...
Finished scanning sources
INFO: [IP_Flow 19-234] Refreshing IP repositories
WARNING: [IP_Flow 19-2248] Failed to load user IP repository 'c:/Users/adria/OneDrive/Documents/Adriaan/Werk Goedjies/BTT/fw/btt_sccv2_fw/cores'; Can't find the specified path.
If this directory should no longer be in your list of user repositories, go to the IP Settings dialog and remove it.
INFO: [IP_Flow 19-2313] Loaded Vivado IP repository 'C:/Xilinx/Vivado/2020.2/data/ip'.
open_project: Time (s): cpu = 00:00:14 ; elapsed = 00:00:07 . Memory (MB): peak = 1113.770 ; gain = 0.000
update_compile_order -fileset sources_1
open_bd_design {C:/Users/adria/OneDrive/Documents/Adriaan/Werk Goedjies/BTT/fw/btt_sccv2_fw/fw/1_led_blink.srcs/sources_1/bd/system/system.bd}
Reading block design file <C:/Users/adria/OneDrive/Documents/Adriaan/Werk Goedjies/BTT/fw/btt_sccv2_fw/fw/1_led_blink.srcs/sources_1/bd/system/system.bd>...
Adding component instance block -- xilinx.com:ip:c_counter_binary:12.0 - c_counter_binary_0
Adding component instance block -- xilinx.com:ip:xlslice:1.0 - xlslice_0
Adding component instance block -- xilinx.com:ip:processing_system7:5.5 - processing_system7_0
Adding component instance block -- xilinx.com:ip:proc_sys_reset:5.0 - proc_sys_reset_0
Adding component instance block -- xilinx.com:ip:axi_interconnect:2.1 - axi_interconnect_0
Adding component instance block -- xilinx.com:ip:axi_crossbar:2.1 - xbar
Adding component instance block -- xilinx.com:ip:axi_protocol_converter:2.1 - auto_pc
Adding component instance block -- xilinx.com:ip:clk_wiz:6.0 - clk_wiz_0
Adding component instance block -- xilinx.com:ip:axi_gpio:2.0 - leds_gpio
Adding component instance block -- xilinx.com:ip:axi_gpio:2.0 - spi_gpio_write
Adding component instance block -- xilinx.com:ip:axi_gpio:2.0 - spi_gpio_read
Adding component instance block -- xilinx.com:ip:xlslice:1.0 - xlslice_1
Adding component instance block -- xilinx.com:ip:axi_gpio:2.0 - scc_config
Adding component instance block -- xilinx.com:module_ref:spi:1.0 - ad5270_spi_core
Adding component instance block -- xilinx.com:module_ref:i2c_expander:1.0 - i2c_expander_0
Successfully read diagram <system> from block design file <C:/Users/adria/OneDrive/Documents/Adriaan/Werk Goedjies/BTT/fw/btt_sccv2_fw/fw/1_led_blink.srcs/sources_1/bd/system/system.bd>
open_bd_design: Time (s): cpu = 00:00:09 ; elapsed = 00:00:07 . Memory (MB): peak = 1118.793 ; gain = 5.023
set_property location {4 1064 813} [get_bd_cells i2c_expander_0]
set_property location {4 1061 798} [get_bd_cells i2c_expander_0]
set_property location {4 1064 588} [get_bd_cells ad5270_spi_core]
set_property location {1556 601} [get_bd_ports ad5270_cs]
set_property location {1562 621} [get_bd_ports ad5270_miso]
set_property location {1564 493} [get_bd_ports ad5270_miso]
set_property location {1563 623} [get_bd_ports ad5270_mosi]
set_property location {1564 577} [get_bd_ports ad5270_sclk]
exit
INFO: [Common 17-206] Exiting Vivado at Sat Jan 20 19:55:36 2024...
