Copyright 1986-2022 Xilinx, Inc. All Rights Reserved. Copyright 2022-2024 Advanced Micro Devices, Inc. All Rights Reserved.
---------------------------------------------------------------------------------------------------------------------------------------------
| Tool Version : Vivado v.2024.2 (win64) Build 5239630 Fri Nov 08 22:35:27 MST 2024
| Date         : Tue Oct 28 22:08:20 2025
| Host         : DESKTOP-NG70LRJ running 64-bit major release  (build 9200)
| Command      : report_control_sets -verbose -file ad4134fw_wrapper_control_sets_placed.rpt
| Design       : ad4134fw_wrapper
| Device       : xc7z010
---------------------------------------------------------------------------------------------------------------------------------------------

Control Set Information

Table of Contents
-----------------
1. Summary
2. Histogram
3. Flip-Flop Distribution
4. Detailed Control Set Information

1. Summary
----------

+----------------------------------------------------------+-------+
|                          Status                          | Count |
+----------------------------------------------------------+-------+
| Total control sets                                       |    61 |
|    Minimum number of control sets                        |    61 |
|    Addition due to synthesis replication                 |     0 |
|    Addition due to physical synthesis replication        |     0 |
| Unused register locations in slices containing registers |   218 |
+----------------------------------------------------------+-------+
* Control sets can be merged at opt_design using control_set_merge or merge_equivalent_drivers
** Run report_qor_suggestions for automated merging and remapping suggestions


2. Histogram
------------

+--------------------+-------+
|       Fanout       | Count |
+--------------------+-------+
| Total control sets |    61 |
| >= 0 to < 4        |    17 |
| >= 4 to < 6        |     8 |
| >= 6 to < 8        |     5 |
| >= 8 to < 10       |     9 |
| >= 10 to < 12      |     0 |
| >= 12 to < 14      |     6 |
| >= 14 to < 16      |     1 |
| >= 16              |    15 |
+--------------------+-------+
* Control sets can be remapped at either synth_design or opt_design


3. Flip-Flop Distribution
-------------------------

+--------------+-----------------------+------------------------+-----------------+--------------+
| Clock Enable | Synchronous Set/Reset | Asynchronous Set/Reset | Total Registers | Total Slices |
+--------------+-----------------------+------------------------+-----------------+--------------+
| No           | No                    | No                     |             160 |           52 |
| No           | No                    | Yes                    |              59 |           21 |
| No           | Yes                   | No                     |             141 |           49 |
| Yes          | No                    | No                     |             194 |           44 |
| Yes          | No                    | Yes                    |              53 |           16 |
| Yes          | Yes                   | No                     |             215 |           57 |
+--------------+-----------------------+------------------------+-----------------+--------------+


4. Detailed Control Set Information
-----------------------------------

+----------------------------------------------------------------------+-----------------------------------------------------------------------------------------------------------------------------------------------------------------------------------------------+--------------------------------------------------------------------------------------------------------------------------------------------------+------------------+----------------+--------------+
|                             Clock Signal                             |                                                                                         Enable Signal                                                                                         |                                                                 Set/Reset Signal                                                                 | Slice Load Count | Bel Load Count | Bels / Slice |
+----------------------------------------------------------------------+-----------------------------------------------------------------------------------------------------------------------------------------------------------------------------------------------+--------------------------------------------------------------------------------------------------------------------------------------------------+------------------+----------------+--------------+
|  ad4134fw_i/Processing_Subsystem/clk_wiz_0/inst/clk_out1             |                                                                                                                                                                                               | ad4134fw_i/Processing_Subsystem/smartconnect_0/inst/s00_nodes/s00_b_node/inst/s_sc_areset_pipe                                                   |                1 |              1 |         1.00 |
|  ad4134fw_i/Processing_Subsystem/clk_wiz_0/inst/clk_out1             |                                                                                                                                                                                               | ad4134fw_i/Processing_Subsystem/smartconnect_0/inst/s00_nodes/s00_ar_node/inst/s_sc_areset_pipe                                                  |                1 |              1 |         1.00 |
|  ad4134fw_i/Processing_Subsystem/clk_wiz_0/inst/clk_out1             |                                                                                                                                                                                               | ad4134fw_i/Processing_Subsystem/smartconnect_0/inst/s00_nodes/s00_aw_node/inst/s_sc_areset_pipe                                                  |                1 |              1 |         1.00 |
|  ad4134fw_i/Processing_Subsystem/clk_wiz_0/inst/clk_out1             |                                                                                                                                                                                               | ad4134fw_i/Processing_Subsystem/smartconnect_0/inst/s00_nodes/s00_r_node/inst/s_sc_areset_pipe                                                   |                1 |              1 |         1.00 |
|  ad4134fw_i/Processing_Subsystem/clk_wiz_0/inst/clk_out1             |                                                                                                                                                                                               | ad4134fw_i/Processing_Subsystem/smartconnect_0/inst/s00_nodes/s00_w_node/inst/s_sc_areset_pipe                                                   |                1 |              1 |         1.00 |
|  ad4134fw_i/Processing_Subsystem/clk_wiz_0/inst/clk_out1             |                                                                                                                                                                                               | ad4134fw_i/SPI_Control/spi_controller_0/U0/p_0_in                                                                                                |                2 |              2 |         1.00 |
|  ad4134fw_i/Processing_Subsystem/clk_wiz_0/inst/clk_out1             |                                                                                                                                                                                               | ad4134fw_i/Processing_Subsystem/smartconnect_0/inst/m00_exit_pipeline/m00_exit/inst/xpm_cdc_async_rst_inst/reset_pol                             |                1 |              3 |         3.00 |
|  ad4134fw_i/Processing_Subsystem/clk_wiz_0/inst/clk_out1             |                                                                                                                                                                                               | ad4134fw_i/Processing_Subsystem/smartconnect_0/inst/s00_entry_pipeline/s00_si_converter/inst/xpm_cdc_async_rst_inst/reset_pol                    |                1 |              3 |         3.00 |
|  ad4134fw_i/Processing_Subsystem/clk_wiz_0/inst/clk_out1             |                                                                                                                                                                                               | ad4134fw_i/Processing_Subsystem/smartconnect_0/inst/s00_nodes/s00_ar_node/inst/s_sc_xpm_cdc_async_rst_inst/reset_pol                             |                1 |              3 |         3.00 |
|  ad4134fw_i/Processing_Subsystem/clk_wiz_0/inst/clk_out1             |                                                                                                                                                                                               | ad4134fw_i/Processing_Subsystem/smartconnect_0/inst/s00_entry_pipeline/s00_mmu/inst/xpm_cdc_async_rst_inst/reset_pol                             |                1 |              3 |         3.00 |
|  ad4134fw_i/Processing_Subsystem/clk_wiz_0/inst/clk_out1             |                                                                                                                                                                                               | ad4134fw_i/Processing_Subsystem/smartconnect_0/inst/s00_entry_pipeline/s00_transaction_regulator/inst/xpm_cdc_async_rst_inst/reset_pol           |                1 |              3 |         3.00 |
|  ad4134fw_i/Processing_Subsystem/clk_wiz_0/inst/clk_out1             |                                                                                                                                                                                               | ad4134fw_i/Processing_Subsystem/smartconnect_0/inst/s00_nodes/s00_aw_node/inst/s_sc_xpm_cdc_async_rst_inst/reset_pol                             |                1 |              3 |         3.00 |
|  ad4134fw_i/Processing_Subsystem/clk_wiz_0/inst/clk_out1             |                                                                                                                                                                                               | ad4134fw_i/Processing_Subsystem/smartconnect_0/inst/s00_nodes/s00_b_node/inst/s_sc_xpm_cdc_async_rst_inst/reset_pol                              |                1 |              3 |         3.00 |
|  ad4134fw_i/Processing_Subsystem/clk_wiz_0/inst/clk_out1             |                                                                                                                                                                                               | ad4134fw_i/Processing_Subsystem/smartconnect_0/inst/s00_nodes/s00_r_node/inst/s_sc_xpm_cdc_async_rst_inst/reset_pol                              |                1 |              3 |         3.00 |
|  ad4134fw_i/Processing_Subsystem/clk_wiz_0/inst/clk_out1             |                                                                                                                                                                                               | ad4134fw_i/Processing_Subsystem/smartconnect_0/inst/s00_nodes/s00_w_node/inst/s_sc_xpm_cdc_async_rst_inst/reset_pol                              |                1 |              3 |         3.00 |
|  ad4134fw_i/Processing_Subsystem/clk_wiz_0/inst/clk_out1             | ad4134fw_i/Processing_Subsystem/smartconnect_0/inst/s00_nodes/s00_aw_node/inst/inst_mi_handler/gen_normal_area.inst_fifo_node_payld/gen_reg_fifo.inst_reg_fifo/gen_single_rank.inst_cntr/E[0] |                                                                                                                                                  |                1 |              3 |         3.00 |
|  ad4134fw_i/Processing_Subsystem/clk_wiz_0/inst/clk_out1             | ad4134fw_i/Processing_Subsystem/smartconnect_0/inst/s00_nodes/s00_ar_node/inst/inst_mi_handler/gen_normal_area.inst_fifo_node_payld/gen_reg_fifo.inst_reg_fifo/gen_single_rank.inst_cntr/E[0] |                                                                                                                                                  |                1 |              3 |         3.00 |
|  ad4134fw_i/Processing_Subsystem/clk_wiz_0/inst/clk_out1             |                                                                                                                                                                                               | ad4134fw_i/Processing_Subsystem/smartconnect_0/inst/clk_map/psr_aclk/U0/EXT_LPF/lpf_int                                                          |                2 |              4 |         2.00 |
|  ad4134fw_i/Processing_Subsystem/clk_wiz_0/inst/clk_out1             | ad4134fw_i/leds_RnM/axi_gpio_0/U0/AXI_LITE_IPIF_I/I_SLAVE_ATTACHMENT/bus2ip_addr_i[8]_i_1_n_0                                                                                                 | ad4134fw_i/leds_RnM/axi_gpio_0/U0/AXI_LITE_IPIF_I/I_SLAVE_ATTACHMENT/SR[0]                                                                       |                2 |              4 |         2.00 |
|  ad4134fw_i/Processing_Subsystem/clk_wiz_0/inst/clk_out1             | ad4134fw_i/SPI_Control/spi_controller_0/U0/spibitcount[3]_i_1_n_0                                                                                                                             | ad4134fw_i/SPI_Control/spi_controller_0/U0/p_0_in                                                                                                |                1 |              4 |         4.00 |
|  ad4134fw_i/Processing_Subsystem/clk_wiz_0/inst/clk_out1             | ad4134fw_i/SPI_Control/ad4134_control_0/U0/debug[3]_i_1_n_0                                                                                                                                   | ad4134fw_i/SPI_Control/ad4134_control_0/U0/write_i_i_2_n_0                                                                                       |                2 |              4 |         2.00 |
|  ad4134fw_i/Processing_Subsystem/clk_wiz_0/inst/clk_out1             | ad4134fw_i/SPI_Control/spi_controller_0/U0/spiendcount                                                                                                                                        | ad4134fw_i/SPI_Control/spi_controller_0/U0/p_0_in                                                                                                |                1 |              4 |         4.00 |
|  ad4134fw_i/Processing_Subsystem/clk_wiz_0/inst/clk_out1             |                                                                                                                                                                                               | ad4134fw_i/leds_RnM/axi_gpio_0/U0/AXI_LITE_IPIF_I/I_SLAVE_ATTACHMENT/clear                                                                       |                1 |              4 |         4.00 |
|  ad4134fw_i/Processing_Subsystem/clk_wiz_0/inst/clk_out1             | ad4134fw_i/leds_RnM/axi_gpio_0/U0/AXI_LITE_IPIF_I/I_SLAVE_ATTACHMENT/start2                                                                                                                   | ad4134fw_i/leds_RnM/axi_gpio_0/U0/AXI_LITE_IPIF_I/I_SLAVE_ATTACHMENT/I_DECODER/cs_ce_clr                                                         |                1 |              4 |         4.00 |
|  ad4134fw_i/Processing_Subsystem/processing_system7_0/inst/FCLK_CLK0 |                                                                                                                                                                                               | ad4134fw_i/Processing_Subsystem/proc_sys_reset_0/U0/EXT_LPF/lpf_int                                                                              |                1 |              4 |         4.00 |
|  ad4134fw_i/Processing_Subsystem/processing_system7_0/inst/FCLK_CLK0 | ad4134fw_i/Processing_Subsystem/proc_sys_reset_0/U0/SEQ/seq_cnt_en                                                                                                                            | ad4134fw_i/Processing_Subsystem/proc_sys_reset_0/U0/SEQ/SEQ_COUNTER/clear                                                                        |                1 |              6 |         6.00 |
|  ad4134fw_i/Processing_Subsystem/clk_wiz_0/inst/clk_out1             | ad4134fw_i/Processing_Subsystem/smartconnect_0/inst/clk_map/psr_aclk/U0/SEQ/seq_cnt_en                                                                                                        | ad4134fw_i/Processing_Subsystem/smartconnect_0/inst/clk_map/psr_aclk/U0/SEQ/SEQ_COUNTER/clear                                                    |                1 |              6 |         6.00 |
|  ad4134fw_i/Processing_Subsystem/clk_wiz_0/inst/clk_out1             |                                                                                                                                                                                               | ad4134fw_i/SPI_Control/ad4134_control_0/U0/write_i_i_2_n_0                                                                                       |                3 |              7 |         2.33 |
|  ad4134fw_i/Processing_Subsystem/clk_wiz_0/inst/clk_out1             |                                                                                                                                                                                               | ad4134fw_i/ad4134_data_0/U0/odr_int_i_1_n_0                                                                                                      |                2 |              7 |         3.50 |
|  ad4134fw_i/Processing_Subsystem/clk_wiz_0/inst/clk_out1             | ad4134fw_i/Processing_Subsystem/smartconnect_0/inst/s00_entry_pipeline/s00_si_converter/inst/gen_axilite_conv.axilite_conv_inst/ar_addr_d[8]_i_1_n_0                                          | ad4134fw_i/Processing_Subsystem/smartconnect_0/inst/s00_entry_pipeline/s00_si_converter/inst/areset                                              |                3 |              7 |         2.33 |
|  ad4134fw_i/Processing_Subsystem/clk_wiz_0/inst/clk_out1             | ad4134fw_i/Processing_Subsystem/smartconnect_0/inst/s00_entry_pipeline/s00_mmu/inst/gen_endpoint.decerr_slave_inst/gen_axi.gen_read.read_cnt[7]_i_1_n_0                                       | ad4134fw_i/Processing_Subsystem/smartconnect_0/inst/s00_entry_pipeline/s00_mmu/inst/areset                                                       |                2 |              8 |         4.00 |
|  ad4134fw_i/Processing_Subsystem/clk_wiz_0/inst/clk_out1             |                                                                                                                                                                                               | ad4134fw_i/SPI_Control/ad4134_clock_generator/U0/spi_clk_i_i_2_n_0                                                                               |                3 |              8 |         2.67 |
|  ad4134fw_i/Processing_Subsystem/clk_wiz_0/inst/clk_out1             | ad4134fw_i/Processing_Subsystem/smartconnect_0/inst/s00_entry_pipeline/s00_si_converter/inst/gen_axilite_conv.axilite_conv_inst/r_beats[7]_i_1_n_0                                            | ad4134fw_i/Processing_Subsystem/smartconnect_0/inst/s00_entry_pipeline/s00_si_converter/inst/areset                                              |                3 |              8 |         2.67 |
|  ad4134fw_i/ad4134_data_0/U0/slow_clk                                |                                                                                                                                                                                               | ad4134fw_i/ad4134_data_0/U0/odr_int_i_1_n_0                                                                                                      |                2 |              8 |         4.00 |
|  ad4134fw_i/Processing_Subsystem/clk_wiz_0/inst/clk_out1             | ad4134fw_i/Processing_Subsystem/smartconnect_0/inst/s00_entry_pipeline/s00_si_converter/inst/gen_axilite_conv.axilite_conv_inst/ar_cnt[8]_i_1_n_0                                             | ad4134fw_i/Processing_Subsystem/smartconnect_0/inst/s00_entry_pipeline/s00_si_converter/inst/areset                                              |                3 |              9 |         3.00 |
|  ad4134fw_i/Processing_Subsystem/clk_wiz_0/inst/clk_out1             | ad4134fw_i/Processing_Subsystem/smartconnect_0/inst/s00_entry_pipeline/s00_si_converter/inst/gen_axilite_conv.axilite_conv_inst/b_cnt                                                         | ad4134fw_i/Processing_Subsystem/smartconnect_0/inst/s00_entry_pipeline/s00_si_converter/inst/gen_axilite_conv.axilite_conv_inst/b_cnt[8]_i_1_n_0 |                3 |              9 |         3.00 |
|  ad4134fw_i/Processing_Subsystem/clk_wiz_0/inst/clk_out1             | ad4134fw_i/Processing_Subsystem/smartconnect_0/inst/s00_entry_pipeline/s00_si_converter/inst/gen_axilite_conv.axilite_conv_inst/w_cnt[8]_i_1_n_0                                              | ad4134fw_i/Processing_Subsystem/smartconnect_0/inst/s00_entry_pipeline/s00_si_converter/inst/areset                                              |                4 |              9 |         2.25 |
|  ad4134fw_i/Processing_Subsystem/clk_wiz_0/inst/clk_out1             | ad4134fw_i/Processing_Subsystem/smartconnect_0/inst/s00_entry_pipeline/s00_si_converter/inst/gen_axilite_conv.axilite_conv_inst/m_aruser                                                      | ad4134fw_i/Processing_Subsystem/smartconnect_0/inst/s00_entry_pipeline/s00_si_converter/inst/areset                                              |                2 |              9 |         4.50 |
|  ad4134fw_i/Processing_Subsystem/clk_wiz_0/inst/clk_out1             | ad4134fw_i/Processing_Subsystem/smartconnect_0/inst/s00_entry_pipeline/s00_si_converter/inst/gen_axilite_conv.axilite_conv_inst/aw_addr[8]_i_1_n_0                                            | ad4134fw_i/Processing_Subsystem/smartconnect_0/inst/s00_entry_pipeline/s00_si_converter/inst/areset                                              |                3 |              9 |         3.00 |
|  ad4134fw_i/Processing_Subsystem/clk_wiz_0/inst/clk_out1             | ad4134fw_i/Processing_Subsystem/smartconnect_0/inst/s00_entry_pipeline/s00_mmu/inst/gen_endpoint.decerr_slave_inst/gen_axi.gen_write.s_axi_bid_i[11]_i_1_n_0                                  | ad4134fw_i/Processing_Subsystem/smartconnect_0/inst/s00_entry_pipeline/s00_mmu/inst/areset                                                       |                4 |             12 |         3.00 |
|  ad4134fw_i/Processing_Subsystem/clk_wiz_0/inst/clk_out1             | ad4134fw_i/Processing_Subsystem/smartconnect_0/inst/s00_entry_pipeline/s00_mmu/inst/gen_endpoint.decerr_slave_inst/gen_axi.gen_read.s_axi_rid_i[11]_i_1_n_0                                   | ad4134fw_i/Processing_Subsystem/smartconnect_0/inst/s00_entry_pipeline/s00_mmu/inst/areset                                                       |                3 |             12 |         4.00 |
|  ad4134fw_i/Processing_Subsystem/clk_wiz_0/inst/clk_out1             | ad4134fw_i/Processing_Subsystem/smartconnect_0/inst/s00_entry_pipeline/s00_transaction_regulator/inst/gen_endpoint.gen_r_singleorder.r_singleorder/gen_id_reg.s_rid_i0                        |                                                                                                                                                  |                3 |             12 |         4.00 |
|  ad4134fw_i/Processing_Subsystem/clk_wiz_0/inst/clk_out1             | ad4134fw_i/Processing_Subsystem/smartconnect_0/inst/s00_entry_pipeline/s00_transaction_regulator/inst/gen_endpoint.gen_w_singleorder.w_singleorder/gen_id_reg.s_rid_i0                        |                                                                                                                                                  |                3 |             12 |         4.00 |
|  ad4134fw_i/Processing_Subsystem/clk_wiz_0/inst/clk_out1             | ad4134fw_i/SPI_Control/ad4134_control_0/U0/FSM_onehot_setup_state[12]_i_1_n_0                                                                                                                 | ad4134fw_i/SPI_Control/ad4134_control_0/U0/write_i_i_2_n_0                                                                                       |                3 |             13 |         4.33 |
|  ad4134fw_i/Processing_Subsystem/clk_wiz_0/inst/clk_out1             | ad4134fw_i/SPI_Control/ad4134_control_0/U0/reset_count                                                                                                                                        | ad4134fw_i/SPI_Control/ad4134_control_0/U0/write_i_i_2_n_0                                                                                       |                4 |             13 |         3.25 |
|  ad4134fw_i/Processing_Subsystem/clk_wiz_0/inst/clk_out1             | ad4134fw_i/SPI_Control/ad4134_control_0/U0/datain_i[7]_i_1_n_0                                                                                                                                | ad4134fw_i/SPI_Control/ad4134_control_0/U0/write_i_i_2_n_0                                                                                       |                5 |             15 |         3.00 |
|  ad4134fw_i/Processing_Subsystem/clk_wiz_0/inst/clk_out1             |                                                                                                                                                                                               | ad4134fw_i/Processing_Subsystem/smartconnect_0/inst/s00_entry_pipeline/s00_si_converter/inst/areset                                              |                9 |             22 |         2.44 |
|  ad4134fw_i/Processing_Subsystem/clk_wiz_0/inst/clk_out1             |                                                                                                                                                                                               | ad4134fw_i/Processing_Subsystem/smartconnect_0/inst/s00_entry_pipeline/s00_mmu/inst/areset                                                       |                9 |             23 |         2.56 |
|  ad4134fw_i/Processing_Subsystem/clk_wiz_0/inst/clk_out1             | ad4134fw_i/Processing_Subsystem/smartconnect_0/inst/s00_entry_pipeline/s00_mmu/inst/aw_reg_stall/m_vector_i                                                                                   |                                                                                                                                                  |                5 |             23 |         4.60 |
|  ad4134fw_i/Processing_Subsystem/clk_wiz_0/inst/clk_out1             | ad4134fw_i/Processing_Subsystem/smartconnect_0/inst/s00_entry_pipeline/s00_mmu/inst/aw_reg_stall/skid_buffer[1136]_i_1__0_n_0                                                                 |                                                                                                                                                  |                5 |             23 |         4.60 |
|  ad4134fw_i/Processing_Subsystem/processing_system7_0/inst/FCLK_CLK0 |                                                                                                                                                                                               |                                                                                                                                                  |                9 |             24 |         2.67 |
|  ad4134fw_i/Processing_Subsystem/clk_wiz_0/inst/clk_out1             | ad4134fw_i/Processing_Subsystem/smartconnect_0/inst/s00_entry_pipeline/s00_mmu/inst/ar_reg_stall/m_vector_i                                                                                   |                                                                                                                                                  |                5 |             27 |         5.40 |
|  ad4134fw_i/Processing_Subsystem/clk_wiz_0/inst/clk_out1             | ad4134fw_i/Processing_Subsystem/smartconnect_0/inst/s00_entry_pipeline/s00_mmu/inst/ar_reg_stall/skid_buffer[1136]_i_1_n_0                                                                    |                                                                                                                                                  |                5 |             27 |         5.40 |
|  ad4134fw_i/Processing_Subsystem/clk_wiz_0/inst/clk_out1             | ad4134fw_i/Processing_Subsystem/smartconnect_0/inst/s00_entry_pipeline/s00_si_converter/inst/gen_axilite_conv.axilite_conv_inst/s_axi_rdata_i[31]_i_1_n_0                                     | ad4134fw_i/Processing_Subsystem/smartconnect_0/inst/s00_entry_pipeline/s00_si_converter/inst/areset                                              |                5 |             32 |         6.40 |
|  ad4134fw_i/Processing_Subsystem/clk_wiz_0/inst/clk_out1             | ad4134fw_i/Processing_Subsystem/smartconnect_0/inst/s00_nodes/s00_r_node/inst/inst_mi_handler/gen_normal_area.inst_fifo_node_payld/gen_reg_fifo.inst_reg_fifo/gen_single_rank.inst_cntr/E[0]  |                                                                                                                                                  |                7 |             32 |         4.57 |
|  ad4134fw_i/Processing_Subsystem/clk_wiz_0/inst/clk_out1             | ad4134fw_i/Processing_Subsystem/smartconnect_0/inst/s00_nodes/s00_w_node/inst/inst_mi_handler/gen_normal_area.inst_fifo_node_payld/gen_reg_fifo.inst_reg_fifo/gen_single_rank.inst_cntr/E[0]  |                                                                                                                                                  |                9 |             32 |         3.56 |
|  ad4134fw_i/Processing_Subsystem/clk_wiz_0/inst/clk_out1             | ad4134fw_i/leds_RnM/axi_gpio_0/U0/AXI_LITE_IPIF_I/I_SLAVE_ATTACHMENT/s_axi_rresp_i                                                                                                            | ad4134fw_i/leds_RnM/axi_gpio_0/U0/AXI_LITE_IPIF_I/I_SLAVE_ATTACHMENT/SR[0]                                                                       |                7 |             32 |         4.57 |
|  ad4134fw_i/Processing_Subsystem/clk_wiz_0/inst/clk_out1             |                                                                                                                                                                                               | ad4134fw_i/leds_RnM/axi_gpio_0/U0/gpio_core_1/Read_Reg_Rst__0                                                                                    |                8 |             32 |         4.00 |
|  ad4134fw_i/Processing_Subsystem/clk_wiz_0/inst/clk_out1             | ad4134fw_i/leds_RnM/axi_gpio_0/U0/AXI_LITE_IPIF_I/I_SLAVE_ATTACHMENT/I_DECODER/E[0]                                                                                                           | ad4134fw_i/leds_RnM/axi_gpio_0/U0/AXI_LITE_IPIF_I/I_SLAVE_ATTACHMENT/SR[0]                                                                       |               10 |             39 |         3.90 |
|  ad4134fw_i/Processing_Subsystem/clk_wiz_0/inst/clk_out1             |                                                                                                                                                                                               | ad4134fw_i/leds_RnM/axi_gpio_0/U0/AXI_LITE_IPIF_I/I_SLAVE_ATTACHMENT/SR[0]                                                                       |               14 |             47 |         3.36 |
|  ad4134fw_i/Processing_Subsystem/clk_wiz_0/inst/clk_out1             |                                                                                                                                                                                               |                                                                                                                                                  |               45 |            138 |         3.07 |
+----------------------------------------------------------------------+-----------------------------------------------------------------------------------------------------------------------------------------------------------------------------------------------+--------------------------------------------------------------------------------------------------------------------------------------------------+------------------+----------------+--------------+


