Copyright 1986-2022 Xilinx, Inc. All Rights Reserved. Copyright 2022-2024 Advanced Micro Devices, Inc. All Rights Reserved.
----------------------------------------------------------------------------------------------------------------------------------------------------------------------
| Tool Version     : Vivado v.2024.2 (win64) Build 5239630 Fri Nov 08 22:35:27 MST 2024
| Date             : Mon Nov  3 21:23:11 2025
| Host             : DESKTOP-NG70LRJ running 64-bit major release  (build 9200)
| Command          : report_power -file ad4134fw_wrapper_power_routed.rpt -pb ad4134fw_wrapper_power_summary_routed.pb -rpx ad4134fw_wrapper_power_routed.rpx
| Design           : ad4134fw_wrapper
| Device           : xc7z010clg400-1
| Design State     : routed
| Grade            : commercial
| Process          : typical
| Characterization : Production
----------------------------------------------------------------------------------------------------------------------------------------------------------------------

Power Report

Table of Contents
-----------------
1. Summary
1.1 On-Chip Components
1.2 Power Supply Summary
1.3 Confidence Level
2. Settings
2.1 Environment
2.2 Clock Constraints
3. Detailed Reports
3.1 By Hierarchy

1. Summary
----------

+--------------------------+--------------+
| Total On-Chip Power (W)  | 1.806        |
| Design Power Budget (W)  | Unspecified* |
| Power Budget Margin (W)  | NA           |
| Dynamic (W)              | 1.683        |
| Device Static (W)        | 0.123        |
| Effective TJA (C/W)      | 11.5         |
| Max Ambient (C)          | 64.2         |
| Junction Temperature (C) | 45.8         |
| Confidence Level         | Medium       |
| Setting File             | ---          |
| Simulation Activity File | ---          |
| Design Nets Matched      | NA           |
+--------------------------+--------------+
* Specify Design Power Budget using, set_operating_conditions -design_power_budget <value in Watts>


1.1 On-Chip Components
----------------------

+--------------------------+-----------+----------+-----------+-----------------+
| On-Chip                  | Power (W) | Used     | Available | Utilization (%) |
+--------------------------+-----------+----------+-----------+-----------------+
| Clocks                   |     0.014 |        6 |       --- |             --- |
| Slice Logic              |     0.011 |    17353 |       --- |             --- |
|   LUT as Logic           |     0.010 |     5852 |     17600 |           33.25 |
|   LUT as Distributed RAM |    <0.001 |      632 |      6000 |           10.53 |
|   Register               |    <0.001 |     7274 |     35200 |           20.66 |
|   LUT as Shift Register  |    <0.001 |      347 |      6000 |            5.78 |
|   CARRY4                 |    <0.001 |       45 |      4400 |            1.02 |
|   F7/F8 Muxes            |    <0.001 |       38 |     17600 |            0.22 |
|   Others                 |     0.000 |      893 |       --- |             --- |
| Signals                  |     0.012 |    11138 |       --- |             --- |
| Block RAM                |     0.013 |     24.5 |        60 |           40.83 |
| MMCM                     |     0.105 |        1 |         2 |           50.00 |
| I/O                      |     0.001 |       17 |       100 |           17.00 |
| PS7                      |     1.525 |        1 |       --- |             --- |
| Static Power             |     0.123 |          |           |                 |
| Total                    |     1.806 |          |           |                 |
+--------------------------+-----------+----------+-----------+-----------------+


1.2 Power Supply Summary
------------------------

+-----------+-------------+-----------+-------------+------------+-------------+-------------+------------+
| Source    | Voltage (V) | Total (A) | Dynamic (A) | Static (A) | Powerup (A) | Budget (A)  | Margin (A) |
+-----------+-------------+-----------+-------------+------------+-------------+-------------+------------+
| Vccint    |       1.000 |     0.058 |       0.050 |      0.008 |       NA    | Unspecified | NA         |
| Vccaux    |       1.800 |     0.067 |       0.058 |      0.008 |       NA    | Unspecified | NA         |
| Vcco33    |       3.300 |     0.001 |       0.000 |      0.001 |       NA    | Unspecified | NA         |
| Vcco25    |       2.500 |     0.000 |       0.000 |      0.000 |       NA    | Unspecified | NA         |
| Vcco18    |       1.800 |     0.000 |       0.000 |      0.000 |       NA    | Unspecified | NA         |
| Vcco15    |       1.500 |     0.000 |       0.000 |      0.000 |       NA    | Unspecified | NA         |
| Vcco135   |       1.350 |     0.000 |       0.000 |      0.000 |       NA    | Unspecified | NA         |
| Vcco12    |       1.200 |     0.000 |       0.000 |      0.000 |       NA    | Unspecified | NA         |
| Vccaux_io |       1.800 |     0.000 |       0.000 |      0.000 |       NA    | Unspecified | NA         |
| Vccbram   |       1.000 |     0.003 |       0.001 |      0.002 |       NA    | Unspecified | NA         |
| MGTAVcc   |       1.000 |     0.000 |       0.000 |      0.000 |       NA    | Unspecified | NA         |
| MGTAVtt   |       1.200 |     0.000 |       0.000 |      0.000 |       NA    | Unspecified | NA         |
| MGTVccaux |       1.800 |     0.000 |       0.000 |      0.000 |       NA    | Unspecified | NA         |
| Vccpint   |       1.000 |     0.753 |       0.722 |      0.032 |       NA    | Unspecified | NA         |
| Vccpaux   |       1.800 |     0.060 |       0.050 |      0.010 |       NA    | Unspecified | NA         |
| Vccpll    |       1.800 |     0.018 |       0.015 |      0.003 |       NA    | Unspecified | NA         |
| Vcco_ddr  |       1.500 |     0.459 |       0.457 |      0.002 |       NA    | Unspecified | NA         |
| Vcco_mio0 |       1.800 |     0.000 |       0.000 |      0.000 |       NA    | Unspecified | NA         |
| Vcco_mio1 |       1.800 |     0.000 |       0.000 |      0.000 |       NA    | Unspecified | NA         |
| Vccadc    |       1.800 |     0.020 |       0.000 |      0.020 |       NA    | Unspecified | NA         |
+-----------+-------------+-----------+-------------+------------+-------------+-------------+------------+


1.3 Confidence Level
--------------------

+-----------------------------+------------+------------------------------------------------+------------------------------------------------------------------------------------------------------------+
| User Input Data             | Confidence | Details                                        | Action                                                                                                     |
+-----------------------------+------------+------------------------------------------------+------------------------------------------------------------------------------------------------------------+
| Design implementation state | High       | Design is routed                               |                                                                                                            |
| Clock nodes activity        | High       | User specified more than 95% of clocks         |                                                                                                            |
| I/O nodes activity          | High       | User specified more than 95% of inputs         |                                                                                                            |
| Internal nodes activity     | Medium     | User specified less than 25% of internal nodes | Provide missing internal nodes activity with simulation results or by editing the "By Resource Type" views |
| Device models               | High       | Device models are Production                   |                                                                                                            |
|                             |            |                                                |                                                                                                            |
| Overall confidence level    | Medium     |                                                |                                                                                                            |
+-----------------------------+------------+------------------------------------------------+------------------------------------------------------------------------------------------------------------+


2. Settings
-----------

2.1 Environment
---------------

+-----------------------+------------------------+
| Ambient Temp (C)      | 25.0                   |
| ThetaJA (C/W)         | 11.5                   |
| Airflow (LFM)         | 250                    |
| Heat Sink             | none                   |
| ThetaSA (C/W)         | 0.0                    |
| Board Selection       | medium (10"x10")       |
| # of Board Layers     | 8to11 (8 to 11 Layers) |
| Board Temperature (C) | 25.0                   |
+-----------------------+------------------------+


2.2 Clock Constraints
---------------------

+-------------------------------+----------------------------------------------------------------------------------+-----------------+
| Clock                         | Domain                                                                           | Constraint (ns) |
+-------------------------------+----------------------------------------------------------------------------------+-----------------+
| clk_fpga_0                    | ad4134fw_i/Processing_Subsystem/processing_system7_0/inst/FCLK_CLK0              |            20.0 |
| clk_fpga_0                    | ad4134fw_i/Processing_Subsystem/processing_system7_0/inst/FCLK_CLK_unbuffered[0] |            20.0 |
| clk_out1_ad4134fw_clk_wiz_0_0 | ad4134fw_i/Processing_Subsystem/clk_wiz_0/inst/clk_out1_ad4134fw_clk_wiz_0_0     |            20.0 |
| clkfbout_ad4134fw_clk_wiz_0_0 | ad4134fw_i/Processing_Subsystem/clk_wiz_0/inst/clkfbout_ad4134fw_clk_wiz_0_0     |            20.0 |
+-------------------------------+----------------------------------------------------------------------------------+-----------------+


3. Detailed Reports
-------------------

3.1 By Hierarchy
----------------

+----------------------------+-----------+
| Name                       | Power (W) |
+----------------------------+-----------+
| ad4134fw_wrapper           |     1.683 |
|   ad4134fw_i               |     1.681 |
|     ADC_BRAM               |     0.009 |
|       blk_mem_gen_0        |     0.008 |
|     Processing_Subsystem   |     1.664 |
|       clk_wiz_0            |     0.105 |
|       processing_system7_0 |     1.525 |
|       smartconnect_0       |     0.033 |
|     bram_tester            |     0.008 |
|       blk_mem_gen_0        |     0.006 |
+----------------------------+-----------+


